TN:
SF:src\components\Navbar\Navbar.tsx
FN:3,(anonymous_0)
FNF:1
FNH:1
FNDA:1,(anonymous_0)
DA:3,1
DA:4,1
LF:2
LH:2
BRF:0
BRH:0
end_of_record
TN:
SF:src\redux\store\storeSlice.ts
FN:16,(anonymous_0)
FN:19,(anonymous_1)
FN:21,(anonymous_2)
FN:24,(anonymous_3)
FN:26,(anonymous_4)
FNF:5
FNH:5
FNDA:1,(anonymous_0)
FNDA:1,(anonymous_1)
FNDA:1,(anonymous_2)
FNDA:1,(anonymous_3)
FNDA:1,(anonymous_4)
DA:1,1
DA:8,1
DA:12,1
DA:17,1
DA:20,1
DA:21,1
DA:25,1
DA:26,1
DA:28,1
DA:29,1
DA:35,1
DA:36,1
LF:12
LH:12
BRDA:28,0,0,1
BRF:1
BRH:1
end_of_record
